<?xml version="1.0" encoding="UTF-8"?>
<!-- Generated by org.testng.reporters.JUnitReportReporter -->
<testsuite hostname="DESKTOP-RGL2CCS" failures="0" tests="10" name="com.E_Commerce_Web_App.tests.ProductPageTest_Busi_Need" time="57.531" errors="0" timestamp="2025-09-04T01:30:11 IST" skipped="0">
  <testcase classname="com.E_Commerce_Web_App.tests.ProductPageTest_Busi_Need" name="verifyProductSearch" time="4.574"/>
  <testcase classname="com.E_Commerce_Web_App.tests.ProductPageTest_Busi_Need" name="verifyCategoryAndBrandNavigation" time="6.457"/>
  <testcase classname="com.E_Commerce_Web_App.tests.ProductPageTest_Busi_Need" name="verifyAddToCart" time="6.715"/>
  <testcase classname="com.E_Commerce_Web_App.tests.ProductPageTest_Busi_Need" name="verifyWriteYourReview" time="5.335"/>
  <testcase classname="com.E_Commerce_Web_App.tests.ProductPageTest_Busi_Need" name="verifyViewFirstProduct" time="3.817"/>
  <testcase classname="com.E_Commerce_Web_App.tests.ProductPageTest_Busi_Need" name="verifyViewFirstProduct" time="4.830"/>
  <testcase classname="com.E_Commerce_Web_App.tests.ProductPageTest_Busi_Need" name="verifyCategoryAndBrandNavigation" time="8.199"/>
  <testcase classname="com.E_Commerce_Web_App.tests.ProductPageTest_Busi_Need" name="verifyAddToCart" time="6.857"/>
  <testcase classname="com.E_Commerce_Web_App.tests.ProductPageTest_Busi_Need" name="verifyWriteYourReview" time="4.593"/>
  <testcase classname="com.E_Commerce_Web_App.tests.ProductPageTest_Busi_Need" name="verifyProductSearch" time="6.154"/>
</testsuite> <!-- com.E_Commerce_Web_App.tests.ProductPageTest_Busi_Need -->
