<?xml version="1.0" encoding="UTF-8"?>
<!-- Generated by org.testng.reporters.JUnitReportReporter -->
<testsuite hostname="DESKTOP-RGL2CCS" failures="0" tests="2" name="com.E_Commerce_Web_App.tests.ContactUsPageTest_Busi_Need" time="13.359" errors="0" timestamp="2025-09-04T01:30:11 IST" skipped="0">
  <testcase classname="com.E_Commerce_Web_App.tests.ContactUsPageTest_Busi_Need" name="verifyContactUsForm" time="6.225"/>
  <testcase classname="com.E_Commerce_Web_App.tests.ContactUsPageTest_Busi_Need" name="verifyContactUsForm" time="7.134"/>
</testsuite> <!-- com.E_Commerce_Web_App.tests.ContactUsPageTest_Busi_Need -->
