<?xml version="1.0" encoding="UTF-8"?>
<!-- Generated by org.testng.reporters.JUnitReportReporter -->
<testsuite hostname="DESKTOP-RGL2CCS" failures="0" tests="4" name="com.E_Commerce_Web_App.tests.HomePageTest_Busi_Need" time="56.382" errors="0" timestamp="2025-09-04T01:30:11 IST" skipped="0">
  <testcase classname="com.E_Commerce_Web_App.tests.HomePageTest_Busi_Need" name="verifySubscription" time="3.772"/>
  <testcase classname="com.E_Commerce_Web_App.tests.HomePageTest_Busi_Need" name="verifyNavigationLinks" time="26.920"/>
  <testcase classname="com.E_Commerce_Web_App.tests.HomePageTest_Busi_Need" name="verifySubscription" time="3.858"/>
  <testcase classname="com.E_Commerce_Web_App.tests.HomePageTest_Busi_Need" name="verifyNavigationLinks" time="21.832"/>
</testsuite> <!-- com.E_Commerce_Web_App.tests.HomePageTest_Busi_Need -->
