<?xml version="1.0" encoding="UTF-8"?>
<!-- Generated by org.testng.reporters.JUnitReportReporter -->
<testsuite hostname="DESKTOP-RGL2CCS" failures="0" tests="6" name="com.E_Commerce_Web_App.tests.SignupLoginPageTest_Busi_Need" time="39.665" errors="0" timestamp="2025-09-04T01:30:11 IST" skipped="0">
  <testcase classname="com.E_Commerce_Web_App.tests.SignupLoginPageTest_Busi_Need" name="verifyLogin" time="10.159"/>
  <testcase classname="com.E_Commerce_Web_App.tests.SignupLoginPageTest_Busi_Need" name="verifySignup" time="3.331"/>
  <testcase classname="com.E_Commerce_Web_App.tests.SignupLoginPageTest_Busi_Need" name="verifyLogout" time="6.687"/>
  <testcase classname="com.E_Commerce_Web_App.tests.SignupLoginPageTest_Busi_Need" name="verifySignup" time="3.507"/>
  <testcase classname="com.E_Commerce_Web_App.tests.SignupLoginPageTest_Busi_Need" name="verifyLogin" time="7.635"/>
  <testcase classname="com.E_Commerce_Web_App.tests.SignupLoginPageTest_Busi_Need" name="verifyLogout" time="8.346"/>
</testsuite> <!-- com.E_Commerce_Web_App.tests.SignupLoginPageTest_Busi_Need -->
