<?xml version="1.0" encoding="UTF-8"?>
<!-- Generated by org.testng.reporters.JUnitReportReporter -->
<testsuite hostname="DESKTOP-RGL2CCS" failures="0" tests="4" name="com.E_Commerce_Web_App.tests.HomePageTest_Others" time="21.474" errors="0" timestamp="2025-09-04T01:15:57 IST" skipped="0">
  <testcase classname="com.E_Commerce_Web_App.tests.HomePageTest_Others" name="verifyApplicationURL" time="4.640"/>
  <testcase classname="com.E_Commerce_Web_App.tests.HomePageTest_Others" name="verifyApplicationURL" time="5.932"/>
  <testcase classname="com.E_Commerce_Web_App.tests.HomePageTest_Others" name="verifyRecommendedProductsSection" time="6.325"/>
  <testcase classname="com.E_Commerce_Web_App.tests.HomePageTest_Others" name="verifyRecommendedProductsSection" time="4.577"/>
</testsuite> <!-- com.E_Commerce_Web_App.tests.HomePageTest_Others -->
