<?xml version="1.0" encoding="UTF-8"?>
<!-- Generated by org.testng.reporters.JUnitReportReporter -->
<testsuite hostname="PRIYANKA" failures="0" tests="13" name="com.ecom.tests.login_functionality_testcases" time="187.297" errors="0" timestamp="2025-09-04T15:09:15 IST" skipped="0">
  <testcase classname="com.ecom.tests.login_functionality_testcases" name="Tc_Ecom_Login_01_verifyUrlLaunch" time="9.052"/>
  <system-out/>
  <testcase classname="com.ecom.tests.login_functionality_testcases" name="Tc_Ecom_Login_02_verifyHomePageDisplayed" time="4.928"/>
  <system-out/>
  <testcase classname="com.ecom.tests.login_functionality_testcases" name="Tc_Ecom_Login_03_navigateToLoginSignupPage" time="6.451"/>
  <system-out/>
  <testcase classname="com.ecom.tests.login_functionality_testcases" name="Tc_Ecom_Login_04_verifyLoginToYourAccountText" time="4.841"/>
  <system-out/>
  <testcase classname="com.ecom.tests.login_functionality_testcases" name="Tc_Ecom_Login_05_enterValidEmailPassword" time="5.782"/>
  <system-out/>
  <testcase classname="com.ecom.tests.login_functionality_testcases" name="Tc_Ecom_Login_06_loginWithValidCredentials" time="38.051"/>
  <system-out/>
  <testcase classname="com.ecom.tests.login_functionality_testcases" name="Tc_Ecom_Login_07_verifyLoggedInAsUserText" time="12.172"/>
  <system-out/>
  <testcase classname="com.ecom.tests.login_functionality_testcases" name="Tc_Ecom_Login_07_loginWithInvalidCredentials" time="9.770"/>
  <system-out/>
  <testcase classname="com.ecom.tests.login_functionality_testcases" name="Tc_Ecom_Login_08_loginWithInvalidPassword" time="7.293"/>
  <system-out/>
  <testcase classname="com.ecom.tests.login_functionality_testcases" name="Tc_Ecom_Login_09_loginWithInvalidEmail" time="4.696"/>
  <system-out/>
  <testcase classname="com.ecom.tests.login_functionality_testcases" name="Tc_Ecom_Login_11_verifyLogout" time="11.702"/>
  <system-out/>
  <testcase classname="com.ecom.tests.login_functionality_testcases" name="Tc_Ecom_Login_12_deleteAccountAndVerifyMessage" time="61.056"/>
  <system-out/>
  <testcase classname="com.ecom.tests.login_functionality_testcases" name="Tc_Ecom_Login_14_loginWithBlankFields" time="11.503"/>
  <system-out/>
</testsuite> <!-- com.ecom.tests.login_functionality_testcases -->
