<?xml version="1.0" encoding="UTF-8"?>
<!-- Generated by org.testng.reporters.JUnitReportReporter -->
<testsuite hostname="DESKTOP-RGL2CCS" failures="0" tests="8" name="com.E_Commerce_Web_App.tests.SubscriptionHomePageTest_Func" time="16.015" errors="0" timestamp="2025-09-07T19:37:57 IST" skipped="0">
  <testcase classname="com.E_Commerce_Web_App.tests.SubscriptionHomePageTest_Func" name="verifySubscriptionIconVisible" time="4.492"/>
  <testcase classname="com.E_Commerce_Web_App.tests.SubscriptionHomePageTest_Func" name="verifySubscriptionIconVisible" time="3.512"/>
  <testcase classname="com.E_Commerce_Web_App.tests.SubscriptionHomePageTest_Func" name="verifySubscriptionEmpty" time="0.709"/>
  <testcase classname="com.E_Commerce_Web_App.tests.SubscriptionHomePageTest_Func" name="verifySubscriptionEmpty" time="0.841"/>
  <testcase classname="com.E_Commerce_Web_App.tests.SubscriptionHomePageTest_Func" name="verifySubscriptionInvalid" time="2.679"/>
  <testcase classname="com.E_Commerce_Web_App.tests.SubscriptionHomePageTest_Func" name="verifySubscriptionInvalid" time="2.793"/>
  <testcase classname="com.E_Commerce_Web_App.tests.SubscriptionHomePageTest_Func" name="verifySubscriptionValid" time="0.487"/>
  <testcase classname="com.E_Commerce_Web_App.tests.SubscriptionHomePageTest_Func" name="verifySubscriptionValid" time="0.502"/>
</testsuite> <!-- com.E_Commerce_Web_App.tests.SubscriptionHomePageTest_Func -->
