<?xml version="1.0" encoding="UTF-8"?>
<!-- Generated by org.testng.reporters.JUnitReportReporter -->
<testsuite hostname="DESKTOP-RGL2CCS" failures="0" tests="84" name="com.E_Commerce_Web_App.tests.TestCasesPageTest_UI" time="104.153" errors="0" timestamp="2025-09-07T23:48:15 IST" skipped="0">
  <testcase classname="com.E_Commerce_Web_App.tests.TestCasesPageTest_UI" name="verifyLogoDisplayed" time="7.379"/>
  <testcase classname="com.E_Commerce_Web_App.tests.TestCasesPageTest_UI" name="verifyLogoDisplayed" time="48.487"/>
  <testcase classname="com.E_Commerce_Web_App.tests.TestCasesPageTest_UI" name="verifyProductsIconDisplayed" time="0.188"/>
  <testcase classname="com.E_Commerce_Web_App.tests.TestCasesPageTest_UI" name="verifyProductsIconDisplayed" time="0.266"/>
  <testcase classname="com.E_Commerce_Web_App.tests.TestCasesPageTest_UI" name="verifyCartIconDisplayed" time="0.228"/>
  <testcase classname="com.E_Commerce_Web_App.tests.TestCasesPageTest_UI" name="verifyCartIconDisplayed" time="0.369"/>
  <testcase classname="com.E_Commerce_Web_App.tests.TestCasesPageTest_UI" name="verifySignupLoginIconDisplayed" time="0.228"/>
  <testcase classname="com.E_Commerce_Web_App.tests.TestCasesPageTest_UI" name="verifySignupLoginIconDisplayed" time="0.240"/>
  <testcase classname="com.E_Commerce_Web_App.tests.TestCasesPageTest_UI" name="verifyVideoTutorialsIconDisplayed" time="0.316"/>
  <testcase classname="com.E_Commerce_Web_App.tests.TestCasesPageTest_UI" name="verifyVideoTutorialsIconDisplayed" time="0.256"/>
  <testcase classname="com.E_Commerce_Web_App.tests.TestCasesPageTest_UI" name="verifyHomeIconDisplayed" time="0.184"/>
  <testcase classname="com.E_Commerce_Web_App.tests.TestCasesPageTest_UI" name="verifyHomeIconDisplayed" time="0.203"/>
  <testcase classname="com.E_Commerce_Web_App.tests.TestCasesPageTest_UI" name="verifyContactUsIconDisplayed" time="0.253"/>
  <testcase classname="com.E_Commerce_Web_App.tests.TestCasesPageTest_UI" name="verifyContactUsIconDisplayed" time="0.269"/>
  <testcase classname="com.E_Commerce_Web_App.tests.TestCasesPageTest_UI" name="verifyApiTestingIconDisplayed" time="0.250"/>
  <testcase classname="com.E_Commerce_Web_App.tests.TestCasesPageTest_UI" name="verifyApiTestingIconDisplayed" time="0.254"/>
  <testcase classname="com.E_Commerce_Web_App.tests.TestCasesPageTest_UI" name="verifyTestCasesSectionDisplayed" time="0.213"/>
  <testcase classname="com.E_Commerce_Web_App.tests.TestCasesPageTest_UI" name="verifyTestCasesSectionDisplayed" time="0.300"/>
  <testcase classname="com.E_Commerce_Web_App.tests.TestCasesPageTest_UI" name="verifyTestCase1LinkDisplayed" time="0.583"/>
  <testcase classname="com.E_Commerce_Web_App.tests.TestCasesPageTest_UI" name="verifyTestCase1LinkDisplayed" time="0.705"/>
  <testcase classname="com.E_Commerce_Web_App.tests.TestCasesPageTest_UI" name="verifyTestCase2LinkDisplayed" time="0.712"/>
  <testcase classname="com.E_Commerce_Web_App.tests.TestCasesPageTest_UI" name="verifyTestCase2LinkDisplayed" time="0.648"/>
  <testcase classname="com.E_Commerce_Web_App.tests.TestCasesPageTest_UI" name="verifyTestCase3LinkDisplayed" time="0.622"/>
  <testcase classname="com.E_Commerce_Web_App.tests.TestCasesPageTest_UI" name="verifyTestCase3LinkDisplayed" time="0.635"/>
  <testcase classname="com.E_Commerce_Web_App.tests.TestCasesPageTest_UI" name="verifyTestCase4LinkDisplayed" time="0.611"/>
  <testcase classname="com.E_Commerce_Web_App.tests.TestCasesPageTest_UI" name="verifyTestCase4LinkDisplayed" time="0.598"/>
  <testcase classname="com.E_Commerce_Web_App.tests.TestCasesPageTest_UI" name="verifyTestCase5LinkDisplayed" time="0.577"/>
  <testcase classname="com.E_Commerce_Web_App.tests.TestCasesPageTest_UI" name="verifyTestCase5LinkDisplayed" time="0.694"/>
  <testcase classname="com.E_Commerce_Web_App.tests.TestCasesPageTest_UI" name="verifyTestCase6LinkDisplayed" time="0.615"/>
  <testcase classname="com.E_Commerce_Web_App.tests.TestCasesPageTest_UI" name="verifyTestCase6LinkDisplayed" time="0.688"/>
  <testcase classname="com.E_Commerce_Web_App.tests.TestCasesPageTest_UI" name="verifyTestCase7LinkDisplayed" time="0.527"/>
  <testcase classname="com.E_Commerce_Web_App.tests.TestCasesPageTest_UI" name="verifyTestCase7LinkDisplayed" time="0.634"/>
  <testcase classname="com.E_Commerce_Web_App.tests.TestCasesPageTest_UI" name="verifyTestCase8LinkDisplayed" time="0.688"/>
  <testcase classname="com.E_Commerce_Web_App.tests.TestCasesPageTest_UI" name="verifyTestCase8LinkDisplayed" time="0.566"/>
  <testcase classname="com.E_Commerce_Web_App.tests.TestCasesPageTest_UI" name="verifyTestCase9LinkDisplayed" time="0.577"/>
  <testcase classname="com.E_Commerce_Web_App.tests.TestCasesPageTest_UI" name="verifyTestCase9LinkDisplayed" time="0.615"/>
  <testcase classname="com.E_Commerce_Web_App.tests.TestCasesPageTest_UI" name="verifyTestCase10LinkDisplayed" time="0.621"/>
  <testcase classname="com.E_Commerce_Web_App.tests.TestCasesPageTest_UI" name="verifyTestCase10LinkDisplayed" time="0.615"/>
  <testcase classname="com.E_Commerce_Web_App.tests.TestCasesPageTest_UI" name="verifyTestCase11LinkDisplayed" time="0.594"/>
  <testcase classname="com.E_Commerce_Web_App.tests.TestCasesPageTest_UI" name="verifyTestCase11LinkDisplayed" time="0.639"/>
  <testcase classname="com.E_Commerce_Web_App.tests.TestCasesPageTest_UI" name="verifyTestCase12LinkDisplayed" time="0.628"/>
  <testcase classname="com.E_Commerce_Web_App.tests.TestCasesPageTest_UI" name="verifyTestCase12LinkDisplayed" time="0.632"/>
  <testcase classname="com.E_Commerce_Web_App.tests.TestCasesPageTest_UI" name="verifyTestCase13LinkDisplayed" time="0.687"/>
  <testcase classname="com.E_Commerce_Web_App.tests.TestCasesPageTest_UI" name="verifyTestCase13LinkDisplayed" time="0.599"/>
  <testcase classname="com.E_Commerce_Web_App.tests.TestCasesPageTest_UI" name="verifyTestCase14LinkDisplayed" time="0.620"/>
  <testcase classname="com.E_Commerce_Web_App.tests.TestCasesPageTest_UI" name="verifyTestCase14LinkDisplayed" time="0.764"/>
  <testcase classname="com.E_Commerce_Web_App.tests.TestCasesPageTest_UI" name="verifyTestCase15LinkDisplayed" time="0.839"/>
  <testcase classname="com.E_Commerce_Web_App.tests.TestCasesPageTest_UI" name="verifyTestCase15LinkDisplayed" time="0.609"/>
  <testcase classname="com.E_Commerce_Web_App.tests.TestCasesPageTest_UI" name="verifyTestCase16LinkDisplayed" time="0.670"/>
  <testcase classname="com.E_Commerce_Web_App.tests.TestCasesPageTest_UI" name="verifyTestCase16LinkDisplayed" time="0.572"/>
  <testcase classname="com.E_Commerce_Web_App.tests.TestCasesPageTest_UI" name="verifyTestCase17LinkDisplayed" time="0.587"/>
  <testcase classname="com.E_Commerce_Web_App.tests.TestCasesPageTest_UI" name="verifyTestCase17LinkDisplayed" time="0.745"/>
  <testcase classname="com.E_Commerce_Web_App.tests.TestCasesPageTest_UI" name="verifyTestCase18LinkDisplayed" time="0.582"/>
  <testcase classname="com.E_Commerce_Web_App.tests.TestCasesPageTest_UI" name="verifyTestCase18LinkDisplayed" time="0.598"/>
  <testcase classname="com.E_Commerce_Web_App.tests.TestCasesPageTest_UI" name="verifyTestCase19LinkDisplayed" time="0.558"/>
  <testcase classname="com.E_Commerce_Web_App.tests.TestCasesPageTest_UI" name="verifyTestCase19LinkDisplayed" time="0.575"/>
  <testcase classname="com.E_Commerce_Web_App.tests.TestCasesPageTest_UI" name="verifyTestCase20LinkDisplayed" time="0.557"/>
  <testcase classname="com.E_Commerce_Web_App.tests.TestCasesPageTest_UI" name="verifyTestCase20LinkDisplayed" time="0.600"/>
  <testcase classname="com.E_Commerce_Web_App.tests.TestCasesPageTest_UI" name="verifyTestCase21LinkDisplayed" time="0.590"/>
  <testcase classname="com.E_Commerce_Web_App.tests.TestCasesPageTest_UI" name="verifyTestCase21LinkDisplayed" time="0.610"/>
  <testcase classname="com.E_Commerce_Web_App.tests.TestCasesPageTest_UI" name="verifyTestCase22LinkDisplayed" time="0.607"/>
  <testcase classname="com.E_Commerce_Web_App.tests.TestCasesPageTest_UI" name="verifyTestCase22LinkDisplayed" time="0.566"/>
  <testcase classname="com.E_Commerce_Web_App.tests.TestCasesPageTest_UI" name="verifyTestCase23LinkDisplayed" time="0.555"/>
  <testcase classname="com.E_Commerce_Web_App.tests.TestCasesPageTest_UI" name="verifyTestCase23LinkDisplayed" time="0.629"/>
  <testcase classname="com.E_Commerce_Web_App.tests.TestCasesPageTest_UI" name="verifyTestCase24LinkDisplayed" time="0.578"/>
  <testcase classname="com.E_Commerce_Web_App.tests.TestCasesPageTest_UI" name="verifyTestCase24LinkDisplayed" time="0.643"/>
  <testcase classname="com.E_Commerce_Web_App.tests.TestCasesPageTest_UI" name="verifyTestCase25LinkDisplayed" time="0.701"/>
  <testcase classname="com.E_Commerce_Web_App.tests.TestCasesPageTest_UI" name="verifyTestCase25LinkDisplayed" time="0.609"/>
  <testcase classname="com.E_Commerce_Web_App.tests.TestCasesPageTest_UI" name="verifyTestCase26LinkDisplayed" time="0.524"/>
  <testcase classname="com.E_Commerce_Web_App.tests.TestCasesPageTest_UI" name="verifyTestCase26LinkDisplayed" time="0.636"/>
  <testcase classname="com.E_Commerce_Web_App.tests.TestCasesPageTest_UI" name="verifyFeedbackSectionDisplayed" time="0.186"/>
  <testcase classname="com.E_Commerce_Web_App.tests.TestCasesPageTest_UI" name="verifyFeedbackSectionDisplayed" time="0.376"/>
  <testcase classname="com.E_Commerce_Web_App.tests.TestCasesPageTest_UI" name="verifyFeedbackEmailDisplayed" time="0.191"/>
  <testcase classname="com.E_Commerce_Web_App.tests.TestCasesPageTest_UI" name="verifyFeedbackEmailDisplayed" time="0.363"/>
  <testcase classname="com.E_Commerce_Web_App.tests.TestCasesPageTest_UI" name="verifySubscriptionIconVisible" time="0.286"/>
  <testcase classname="com.E_Commerce_Web_App.tests.TestCasesPageTest_UI" name="verifySubscriptionIconVisible" time="0.215"/>
  <testcase classname="com.E_Commerce_Web_App.tests.TestCasesPageTest_UI" name="verifySubscriptionEmpty" time="0.852"/>
  <testcase classname="com.E_Commerce_Web_App.tests.TestCasesPageTest_UI" name="verifySubscriptionEmpty" time="0.864"/>
  <testcase classname="com.E_Commerce_Web_App.tests.TestCasesPageTest_UI" name="verifySubscriptionInvalid" time="3.099"/>
  <testcase classname="com.E_Commerce_Web_App.tests.TestCasesPageTest_UI" name="verifySubscriptionInvalid" time="2.940"/>
  <testcase classname="com.E_Commerce_Web_App.tests.TestCasesPageTest_UI" name="verifySubscriptionValid" time="0.853"/>
  <testcase classname="com.E_Commerce_Web_App.tests.TestCasesPageTest_UI" name="verifySubscriptionValid" time="0.685"/>
  <testcase classname="com.E_Commerce_Web_App.tests.TestCasesPageTest_UI" name="verifyScrollToTopButton" time="0.475"/>
  <testcase classname="com.E_Commerce_Web_App.tests.TestCasesPageTest_UI" name="verifyScrollToTopButton" time="0.451"/>
</testsuite> <!-- com.E_Commerce_Web_App.tests.TestCasesPageTest_UI -->
