<?xml version="1.0" encoding="UTF-8"?>
<!-- Generated by org.testng.reporters.JUnitReportReporter -->
<testsuite hostname="DESKTOP-RGL2CCS" failures="0" tests="60" name="com.E_Commerce_Web_App.tests.APITestingPageTest_UI" time="47.039" errors="0" timestamp="2025-09-08T00:01:02 IST" skipped="0">
  <testcase classname="com.E_Commerce_Web_App.tests.APITestingPageTest_UI" name="verifyLogoDisplayed" time="7.767"/>
  <testcase classname="com.E_Commerce_Web_App.tests.APITestingPageTest_UI" name="verifyLogoDisplayed" time="5.715"/>
  <testcase classname="com.E_Commerce_Web_App.tests.APITestingPageTest_UI" name="verifyProductsIconDisplayed" time="0.280"/>
  <testcase classname="com.E_Commerce_Web_App.tests.APITestingPageTest_UI" name="verifyProductsIconDisplayed" time="0.234"/>
  <testcase classname="com.E_Commerce_Web_App.tests.APITestingPageTest_UI" name="verifyCartIconDisplayed" time="0.259"/>
  <testcase classname="com.E_Commerce_Web_App.tests.APITestingPageTest_UI" name="verifyCartIconDisplayed" time="0.291"/>
  <testcase classname="com.E_Commerce_Web_App.tests.APITestingPageTest_UI" name="verifySignupLoginIconDisplayed" time="0.264"/>
  <testcase classname="com.E_Commerce_Web_App.tests.APITestingPageTest_UI" name="verifySignupLoginIconDisplayed" time="0.334"/>
  <testcase classname="com.E_Commerce_Web_App.tests.APITestingPageTest_UI" name="verifyVideoTutorialsIconDisplayed" time="0.290"/>
  <testcase classname="com.E_Commerce_Web_App.tests.APITestingPageTest_UI" name="verifyVideoTutorialsIconDisplayed" time="0.384"/>
  <testcase classname="com.E_Commerce_Web_App.tests.APITestingPageTest_UI" name="verifyHomeIconDisplayed" time="0.256"/>
  <testcase classname="com.E_Commerce_Web_App.tests.APITestingPageTest_UI" name="verifyHomeIconDisplayed" time="0.259"/>
  <testcase classname="com.E_Commerce_Web_App.tests.APITestingPageTest_UI" name="verifyContactUsIconDisplayed" time="0.217"/>
  <testcase classname="com.E_Commerce_Web_App.tests.APITestingPageTest_UI" name="verifyContactUsIconDisplayed" time="0.224"/>
  <testcase classname="com.E_Commerce_Web_App.tests.APITestingPageTest_UI" name="verifyApiTestingIconDisplayed" time="0.224"/>
  <testcase classname="com.E_Commerce_Web_App.tests.APITestingPageTest_UI" name="verifyApiTestingIconDisplayed" time="0.229"/>
  <testcase classname="com.E_Commerce_Web_App.tests.APITestingPageTest_UI" name="verifyApilistSectionDisplayed" time="0.190"/>
  <testcase classname="com.E_Commerce_Web_App.tests.APITestingPageTest_UI" name="verifyApilistSectionDisplayed" time="0.217"/>
  <testcase classname="com.E_Commerce_Web_App.tests.APITestingPageTest_UI" name="verifyApiList1LinkDisplayed" time="0.569"/>
  <testcase classname="com.E_Commerce_Web_App.tests.APITestingPageTest_UI" name="verifyApiList1LinkDisplayed" time="0.686"/>
  <testcase classname="com.E_Commerce_Web_App.tests.APITestingPageTest_UI" name="verifyApiList2LinkDisplayed" time="0.612"/>
  <testcase classname="com.E_Commerce_Web_App.tests.APITestingPageTest_UI" name="verifyApiList2LinkDisplayed" time="0.653"/>
  <testcase classname="com.E_Commerce_Web_App.tests.APITestingPageTest_UI" name="verifyApiList3LinkDisplayed" time="0.595"/>
  <testcase classname="com.E_Commerce_Web_App.tests.APITestingPageTest_UI" name="verifyApiList3LinkDisplayed" time="0.614"/>
  <testcase classname="com.E_Commerce_Web_App.tests.APITestingPageTest_UI" name="verifyApiList4LinkDisplayed" time="0.653"/>
  <testcase classname="com.E_Commerce_Web_App.tests.APITestingPageTest_UI" name="verifyApiList4LinkDisplayed" time="0.603"/>
  <testcase classname="com.E_Commerce_Web_App.tests.APITestingPageTest_UI" name="verifyApiList5LinkDisplayed" time="0.594"/>
  <testcase classname="com.E_Commerce_Web_App.tests.APITestingPageTest_UI" name="verifyApiList5LinkDisplayed" time="0.648"/>
  <testcase classname="com.E_Commerce_Web_App.tests.APITestingPageTest_UI" name="verifyApiList6LinkDisplayed" time="0.596"/>
  <testcase classname="com.E_Commerce_Web_App.tests.APITestingPageTest_UI" name="verifyApiList6LinkDisplayed" time="0.580"/>
  <testcase classname="com.E_Commerce_Web_App.tests.APITestingPageTest_UI" name="verifyApiList7LinkDisplayed" time="0.605"/>
  <testcase classname="com.E_Commerce_Web_App.tests.APITestingPageTest_UI" name="verifyApiList7LinkDisplayed" time="0.551"/>
  <testcase classname="com.E_Commerce_Web_App.tests.APITestingPageTest_UI" name="verifyApiList8LinkDisplayed" time="0.668"/>
  <testcase classname="com.E_Commerce_Web_App.tests.APITestingPageTest_UI" name="verifyApiList8LinkDisplayed" time="0.644"/>
  <testcase classname="com.E_Commerce_Web_App.tests.APITestingPageTest_UI" name="verifyApiList9LinkDisplayed" time="0.671"/>
  <testcase classname="com.E_Commerce_Web_App.tests.APITestingPageTest_UI" name="verifyApiList9LinkDisplayed" time="0.642"/>
  <testcase classname="com.E_Commerce_Web_App.tests.APITestingPageTest_UI" name="verifyApiList10LinkDisplayed" time="0.769"/>
  <testcase classname="com.E_Commerce_Web_App.tests.APITestingPageTest_UI" name="verifyApiList10LinkDisplayed" time="0.548"/>
  <testcase classname="com.E_Commerce_Web_App.tests.APITestingPageTest_UI" name="verifyApiList11LinkDisplayed" time="0.605"/>
  <testcase classname="com.E_Commerce_Web_App.tests.APITestingPageTest_UI" name="verifyApiList11LinkDisplayed" time="0.664"/>
  <testcase classname="com.E_Commerce_Web_App.tests.APITestingPageTest_UI" name="verifyApiList12LinkDisplayed" time="0.603"/>
  <testcase classname="com.E_Commerce_Web_App.tests.APITestingPageTest_UI" name="verifyApiList12LinkDisplayed" time="0.701"/>
  <testcase classname="com.E_Commerce_Web_App.tests.APITestingPageTest_UI" name="verifyApiList13LinkDisplayed" time="0.636"/>
  <testcase classname="com.E_Commerce_Web_App.tests.APITestingPageTest_UI" name="verifyApiList13LinkDisplayed" time="0.549"/>
  <testcase classname="com.E_Commerce_Web_App.tests.APITestingPageTest_UI" name="verifyApiList14LinkDisplayed" time="0.584"/>
  <testcase classname="com.E_Commerce_Web_App.tests.APITestingPageTest_UI" name="verifyApiList14LinkDisplayed" time="0.607"/>
  <testcase classname="com.E_Commerce_Web_App.tests.APITestingPageTest_UI" name="verifyFeedbackSectionDisplayed" time="0.230"/>
  <testcase classname="com.E_Commerce_Web_App.tests.APITestingPageTest_UI" name="verifyFeedbackSectionDisplayed" time="0.248"/>
  <testcase classname="com.E_Commerce_Web_App.tests.APITestingPageTest_UI" name="verifyFeedbackEmailDisplayed" time="0.267"/>
  <testcase classname="com.E_Commerce_Web_App.tests.APITestingPageTest_UI" name="verifyFeedbackEmailDisplayed" time="0.294"/>
  <testcase classname="com.E_Commerce_Web_App.tests.APITestingPageTest_UI" name="verifySubscriptionIconVisible" time="0.289"/>
  <testcase classname="com.E_Commerce_Web_App.tests.APITestingPageTest_UI" name="verifySubscriptionIconVisible" time="0.302"/>
  <testcase classname="com.E_Commerce_Web_App.tests.APITestingPageTest_UI" name="verifySubscriptionEmpty" time="0.945"/>
  <testcase classname="com.E_Commerce_Web_App.tests.APITestingPageTest_UI" name="verifySubscriptionEmpty" time="0.768"/>
  <testcase classname="com.E_Commerce_Web_App.tests.APITestingPageTest_UI" name="verifySubscriptionInvalid" time="3.200"/>
  <testcase classname="com.E_Commerce_Web_App.tests.APITestingPageTest_UI" name="verifySubscriptionInvalid" time="2.972"/>
  <testcase classname="com.E_Commerce_Web_App.tests.APITestingPageTest_UI" name="verifySubscriptionValid" time="0.948"/>
  <testcase classname="com.E_Commerce_Web_App.tests.APITestingPageTest_UI" name="verifySubscriptionValid" time="0.656"/>
  <testcase classname="com.E_Commerce_Web_App.tests.APITestingPageTest_UI" name="verifyScrollToTopButton" time="0.303"/>
  <testcase classname="com.E_Commerce_Web_App.tests.APITestingPageTest_UI" name="verifyScrollToTopButton" time="0.533"/>
</testsuite> <!-- com.E_Commerce_Web_App.tests.APITestingPageTest_UI -->
