<?xml version="1.0" encoding="UTF-8"?>
<!-- Generated by org.testng.reporters.JUnitReportReporter -->
<testsuite hostname="DESKTOP-RGL2CCS" failures="0" tests="48" name="com.E_Commerce_Web_App.tests.CompleteRegisterPageTest_Func" time="47.299" errors="0" timestamp="2025-09-04T23:07:17 IST" skipped="0">
  <testcase classname="com.E_Commerce_Web_App.tests.CompleteRegisterPageTest_Func" name="verifySignup" time="12.193"/>
  <testcase classname="com.E_Commerce_Web_App.tests.CompleteRegisterPageTest_Func" name="verifySignup" time="5.804"/>
  <testcase classname="com.E_Commerce_Web_App.tests.CompleteRegisterPageTest_Func" name="selectTitleTest" time="0.273"/>
  <testcase classname="com.E_Commerce_Web_App.tests.CompleteRegisterPageTest_Func" name="selectTitleTest" time="0.342"/>
  <testcase classname="com.E_Commerce_Web_App.tests.CompleteRegisterPageTest_Func" name="enterPasswordTest" time="0.475"/>
  <testcase classname="com.E_Commerce_Web_App.tests.CompleteRegisterPageTest_Func" name="enterPasswordTest" time="0.373"/>
  <testcase classname="com.E_Commerce_Web_App.tests.CompleteRegisterPageTest_Func" name="selectDateOfBirthTest" time="0.720"/>
  <testcase classname="com.E_Commerce_Web_App.tests.CompleteRegisterPageTest_Func" name="selectDateOfBirthTest" time="0.633"/>
  <testcase classname="com.E_Commerce_Web_App.tests.CompleteRegisterPageTest_Func" name="selectNewsletterTest" time="0.475"/>
  <testcase classname="com.E_Commerce_Web_App.tests.CompleteRegisterPageTest_Func" name="selectNewsletterTest" time="0.368"/>
  <testcase classname="com.E_Commerce_Web_App.tests.CompleteRegisterPageTest_Func" name="verifySpecialOffersCheckbox" time="0.338"/>
  <testcase classname="com.E_Commerce_Web_App.tests.CompleteRegisterPageTest_Func" name="verifySpecialOffersCheckbox" time="0.317"/>
  <testcase classname="com.E_Commerce_Web_App.tests.CompleteRegisterPageTest_Func" name="verifyAddressHeading" time="0.237"/>
  <testcase classname="com.E_Commerce_Web_App.tests.CompleteRegisterPageTest_Func" name="verifyAddressHeading" time="0.198"/>
  <testcase classname="com.E_Commerce_Web_App.tests.CompleteRegisterPageTest_Func" name="enterFirstName" time="0.290"/>
  <testcase classname="com.E_Commerce_Web_App.tests.CompleteRegisterPageTest_Func" name="enterFirstName" time="0.298"/>
  <testcase classname="com.E_Commerce_Web_App.tests.CompleteRegisterPageTest_Func" name="enterLastName" time="0.383"/>
  <testcase classname="com.E_Commerce_Web_App.tests.CompleteRegisterPageTest_Func" name="enterLastName" time="0.289"/>
  <testcase classname="com.E_Commerce_Web_App.tests.CompleteRegisterPageTest_Func" name="enterCompany" time="0.332"/>
  <testcase classname="com.E_Commerce_Web_App.tests.CompleteRegisterPageTest_Func" name="enterCompany" time="0.307"/>
  <testcase classname="com.E_Commerce_Web_App.tests.CompleteRegisterPageTest_Func" name="enterAddress1" time="0.306"/>
  <testcase classname="com.E_Commerce_Web_App.tests.CompleteRegisterPageTest_Func" name="enterAddress1" time="0.388"/>
  <testcase classname="com.E_Commerce_Web_App.tests.CompleteRegisterPageTest_Func" name="enterAddress2" time="0.359"/>
  <testcase classname="com.E_Commerce_Web_App.tests.CompleteRegisterPageTest_Func" name="enterAddress2" time="0.422"/>
  <testcase classname="com.E_Commerce_Web_App.tests.CompleteRegisterPageTest_Func" name="selectCountry" time="0.287"/>
  <testcase classname="com.E_Commerce_Web_App.tests.CompleteRegisterPageTest_Func" name="selectCountry" time="0.291"/>
  <testcase classname="com.E_Commerce_Web_App.tests.CompleteRegisterPageTest_Func" name="enterState" time="0.317"/>
  <testcase classname="com.E_Commerce_Web_App.tests.CompleteRegisterPageTest_Func" name="enterState" time="0.349"/>
  <testcase classname="com.E_Commerce_Web_App.tests.CompleteRegisterPageTest_Func" name="enterCity" time="0.382"/>
  <testcase classname="com.E_Commerce_Web_App.tests.CompleteRegisterPageTest_Func" name="enterCity" time="0.327"/>
  <testcase classname="com.E_Commerce_Web_App.tests.CompleteRegisterPageTest_Func" name="enterZipcode" time="0.334"/>
  <testcase classname="com.E_Commerce_Web_App.tests.CompleteRegisterPageTest_Func" name="enterZipcode" time="0.383"/>
  <testcase classname="com.E_Commerce_Web_App.tests.CompleteRegisterPageTest_Func" name="enterMobile" time="0.399"/>
  <testcase classname="com.E_Commerce_Web_App.tests.CompleteRegisterPageTest_Func" name="enterMobile" time="0.320"/>
  <testcase classname="com.E_Commerce_Web_App.tests.CompleteRegisterPageTest_Func" name="clickCreateAccountButton" time="2.045"/>
  <testcase classname="com.E_Commerce_Web_App.tests.CompleteRegisterPageTest_Func" name="clickCreateAccountButton" time="2.829"/>
  <testcase classname="com.E_Commerce_Web_App.tests.CompleteRegisterPageTest_Func" name="verifyAccountCreatedMessage" time="0.460"/>
  <testcase classname="com.E_Commerce_Web_App.tests.CompleteRegisterPageTest_Func" name="verifyAccountCreatedMessage" time="0.198"/>
  <testcase classname="com.E_Commerce_Web_App.tests.CompleteRegisterPageTest_Func" name="clickContinueAfterAccountCreated" time="1.984"/>
  <testcase classname="com.E_Commerce_Web_App.tests.CompleteRegisterPageTest_Func" name="clickContinueAfterAccountCreated" time="3.081"/>
  <testcase classname="com.E_Commerce_Web_App.tests.CompleteRegisterPageTest_Func" name="verifyLoggedInAsUsername" time="0.209"/>
  <testcase classname="com.E_Commerce_Web_App.tests.CompleteRegisterPageTest_Func" name="verifyLoggedInAsUsername" time="0.279"/>
  <testcase classname="com.E_Commerce_Web_App.tests.CompleteRegisterPageTest_Func" name="clickDeleteAccount" time="1.112"/>
  <testcase classname="com.E_Commerce_Web_App.tests.CompleteRegisterPageTest_Func" name="clickDeleteAccount" time="1.097"/>
  <testcase classname="com.E_Commerce_Web_App.tests.CompleteRegisterPageTest_Func" name="verifyAccountDeletedMessage" time="0.242"/>
  <testcase classname="com.E_Commerce_Web_App.tests.CompleteRegisterPageTest_Func" name="verifyAccountDeletedMessage" time="0.182"/>
  <testcase classname="com.E_Commerce_Web_App.tests.CompleteRegisterPageTest_Func" name="clickContinueAfterAccountDeleted" time="2.092"/>
  <testcase classname="com.E_Commerce_Web_App.tests.CompleteRegisterPageTest_Func" name="clickContinueAfterAccountDeleted" time="1.980"/>
</testsuite> <!-- com.E_Commerce_Web_App.tests.CompleteRegisterPageTest_Func -->
