<?xml version="1.0" encoding="UTF-8"?>
<!-- Generated by org.testng.reporters.JUnitReportReporter -->
<testsuite hostname="DESKTOP-RGL2CCS" failures="0" tests="30" name="com.E_Commerce_Web_App.tests.ContactUsPageTest_Func" time="32.572" errors="0" timestamp="2025-09-07T02:25:55 IST" skipped="0">
  <testcase classname="com.E_Commerce_Web_App.tests.ContactUsPageTest_Func" name="verifyBrowserLaunch" time="4.015"/>
  <testcase classname="com.E_Commerce_Web_App.tests.ContactUsPageTest_Func" name="verifyBrowserLaunch" time="3.059"/>
  <testcase classname="com.E_Commerce_Web_App.tests.ContactUsPageTest_Func" name="verifyContactUsIcon" time="2.039"/>
  <testcase classname="com.E_Commerce_Web_App.tests.ContactUsPageTest_Func" name="verifyContactUsIcon" time="2.607"/>
  <testcase classname="com.E_Commerce_Web_App.tests.ContactUsPageTest_Func" name="enterName" time="0.367"/>
  <testcase classname="com.E_Commerce_Web_App.tests.ContactUsPageTest_Func" name="enterName" time="0.459"/>
  <testcase classname="com.E_Commerce_Web_App.tests.ContactUsPageTest_Func" name="enterSubject" time="0.421"/>
  <testcase classname="com.E_Commerce_Web_App.tests.ContactUsPageTest_Func" name="enterSubject" time="0.367"/>
  <testcase classname="com.E_Commerce_Web_App.tests.ContactUsPageTest_Func" name="enterMessage" time="0.364"/>
  <testcase classname="com.E_Commerce_Web_App.tests.ContactUsPageTest_Func" name="enterMessage" time="0.327"/>
  <testcase classname="com.E_Commerce_Web_App.tests.ContactUsPageTest_Func" name="uploadFile" time="0.203"/>
  <testcase classname="com.E_Commerce_Web_App.tests.ContactUsPageTest_Func" name="uploadFile" time="0.181"/>
  <testcase classname="com.E_Commerce_Web_App.tests.ContactUsPageTest_Func" name="verifyEmailInvalid" time="1.609"/>
  <testcase classname="com.E_Commerce_Web_App.tests.ContactUsPageTest_Func" name="verifyEmailInvalid" time="1.367"/>
  <testcase classname="com.E_Commerce_Web_App.tests.ContactUsPageTest_Func" name="verifyEmailEmpty" time="0.989"/>
  <testcase classname="com.E_Commerce_Web_App.tests.ContactUsPageTest_Func" name="verifyEmailEmpty" time="1.438"/>
  <testcase classname="com.E_Commerce_Web_App.tests.ContactUsPageTest_Func" name="enterEmail" time="0.456"/>
  <testcase classname="com.E_Commerce_Web_App.tests.ContactUsPageTest_Func" name="enterEmail" time="0.492"/>
  <testcase classname="com.E_Commerce_Web_App.tests.ContactUsPageTest_Func" name="submitForm" time="0.732"/>
  <testcase classname="com.E_Commerce_Web_App.tests.ContactUsPageTest_Func" name="submitForm" time="0.447"/>
  <testcase classname="com.E_Commerce_Web_App.tests.ContactUsPageTest_Func" name="verifySubscriptionValid" time="0.999"/>
  <testcase classname="com.E_Commerce_Web_App.tests.ContactUsPageTest_Func" name="verifySubscriptionValid" time="0.700"/>
  <testcase classname="com.E_Commerce_Web_App.tests.ContactUsPageTest_Func" name="verifySubscriptionInvalid" time="0.528"/>
  <testcase classname="com.E_Commerce_Web_App.tests.ContactUsPageTest_Func" name="verifySubscriptionInvalid" time="0.523"/>
  <testcase classname="com.E_Commerce_Web_App.tests.ContactUsPageTest_Func" name="verifySubscriptionEmpty" time="0.460"/>
  <testcase classname="com.E_Commerce_Web_App.tests.ContactUsPageTest_Func" name="verifySubscriptionEmpty" time="0.425"/>
  <testcase classname="com.E_Commerce_Web_App.tests.ContactUsPageTest_Func" name="verifyNavigationBackToHome" time="3.190"/>
  <testcase classname="com.E_Commerce_Web_App.tests.ContactUsPageTest_Func" name="verifyNavigationBackToHome" time="2.866"/>
  <testcase classname="com.E_Commerce_Web_App.tests.ContactUsPageTest_Func" name="verifyScrollToTopButton" time="0.514"/>
  <testcase classname="com.E_Commerce_Web_App.tests.ContactUsPageTest_Func" name="verifyScrollToTopButton" time="0.428"/>
</testsuite> <!-- com.E_Commerce_Web_App.tests.ContactUsPageTest_Func -->
