<?xml version="1.0" encoding="UTF-8"?>
<!-- Generated by org.testng.reporters.JUnitReportReporter -->
<testsuite hostname="PRIYANKA" failures="0" tests="18" name="com.ecom.tests.cart_functionality_testcases" time="207.268" errors="0" timestamp="2025-09-10T01:22:01 IST" skipped="0">
  <testcase classname="com.ecom.tests.cart_functionality_testcases" name="TC_ECOM_Cart_001" time="6.733"/>
  <system-out/>
  <testcase classname="com.ecom.tests.cart_functionality_testcases" name="TC_ECOM_Cart_002" time="6.453"/>
  <system-out/>
  <testcase classname="com.ecom.tests.cart_functionality_testcases" name="TC_ECOM_Cart_003" time="8.130"/>
  <system-out/>
  <testcase classname="com.ecom.tests.cart_functionality_testcases" name="TC_ECOM_Cart_004" time="14.037"/>
  <system-out/>
  <testcase classname="com.ecom.tests.cart_functionality_testcases" name="TC_ECOM_Cart_005" time="6.306"/>
  <system-out/>
  <testcase classname="com.ecom.tests.cart_functionality_testcases" name="TC_ECOM_Cart_006" time="26.488"/>
  <system-out/>
  <testcase classname="com.ecom.tests.cart_functionality_testcases" name="TC_ECOM_Cart_007" time="29.466"/>
  <system-out/>
  <testcase classname="com.ecom.tests.cart_functionality_testcases" name="TC_ECOM_Cart_008" time="17.951"/>
  <system-out/>
  <testcase classname="com.ecom.tests.cart_functionality_testcases" name="TC_ECOM_Cart_009" time="4.621"/>
  <system-out/>
  <testcase classname="com.ecom.tests.cart_functionality_testcases" name="TC_ECOM_Cart_010" time="31.082"/>
  <system-out/>
  <testcase classname="com.ecom.tests.cart_functionality_testcases" name="TC_ECOM_Cart_011" time="4.480"/>
  <system-out/>
  <testcase classname="com.ecom.tests.cart_functionality_testcases" name="TC_ECOM_Cart_012" time="4.367"/>
  <system-out/>
  <testcase classname="com.ecom.tests.cart_functionality_testcases" name="TC_ECOM_Cart_013" time="5.890"/>
  <system-out/>
  <testcase classname="com.ecom.tests.cart_functionality_testcases" name="TC_ECOM_Cart_014" time="4.281"/>
  <system-out/>
  <testcase classname="com.ecom.tests.cart_functionality_testcases" name="TC_ECOM_Cart_015" time="4.220"/>
  <system-out/>
  <testcase classname="com.ecom.tests.cart_functionality_testcases" name="TC_ECOM_Cart_016" time="5.923"/>
  <system-out/>
  <testcase classname="com.ecom.tests.cart_functionality_testcases" name="TC_ECOM_Cart_017" time="5.015"/>
  <system-out/>
  <testcase classname="com.ecom.tests.cart_functionality_testcases" name="TC_ECOM_Cart_018" time="21.825"/>
  <system-out/>
</testsuite> <!-- com.ecom.tests.cart_functionality_testcases -->
