<?xml version="1.0" encoding="UTF-8"?>
<!-- Generated by org.testng.reporters.JUnitReportReporter -->
<testsuite hostname="PRIYANKA" failures="0" tests="9" name="com.ecom.tests.high_priority_testcases" time="81.948" errors="0" timestamp="2025-09-03T12:20:45 IST" skipped="0">
  <testcase classname="com.ecom.tests.high_priority_testcases" name="TC002_VerifyLogoutButton" time="12.631"/>
  <system-out/>
  <testcase classname="com.ecom.tests.high_priority_testcases" name="TC007_VerifyContactUsForm" time="6.826"/>
  <system-out/>
  <testcase classname="com.ecom.tests.high_priority_testcases" name="TC001_VerifySignupButton" time="8.847"/>
  <system-out/>
  <testcase classname="com.ecom.tests.high_priority_testcases" name="TC008_VerifySubmitButton" time="6.285"/>
  <system-out/>
  <testcase classname="com.ecom.tests.high_priority_testcases" name="TC004_VerifyAddToCartButton" time="6.625"/>
  <system-out/>
  <testcase classname="com.ecom.tests.high_priority_testcases" name="TC003_VerifySearchButton" time="12.963"/>
  <system-out/>
  <testcase classname="com.ecom.tests.high_priority_testcases" name="TC006_VerifyDeleteIcon" time="11.305"/>
  <system-out/>
  <testcase classname="com.ecom.tests.high_priority_testcases" name="TC009_VerifySubscriptionIcon" time="6.380"/>
  <system-out/>
  <testcase classname="com.ecom.tests.high_priority_testcases" name="TC005_VerifyCheckoutButton" time="10.086"/>
  <system-out/>
</testsuite> <!-- com.ecom.tests.high_priority_testcases -->
