<?xml version="1.0" encoding="UTF-8"?>
<!-- Generated by org.testng.reporters.JUnitReportReporter -->
<testsuite hostname="DESKTOP-RGL2CCS" failures="0" tests="6" name="com.E_Commerce_Web_App.tests.SignupLoginPageTest_Freq" time="79.779" errors="0" timestamp="2025-09-04T01:56:56 IST" skipped="0">
  <testcase classname="com.E_Commerce_Web_App.tests.SignupLoginPageTest_Freq" name="verifyLogout" time="18.299"/>
  <testcase classname="com.E_Commerce_Web_App.tests.SignupLoginPageTest_Freq" name="verifySignup" time="4.970"/>
  <testcase classname="com.E_Commerce_Web_App.tests.SignupLoginPageTest_Freq" name="verifyLogin" time="9.007"/>
  <testcase classname="com.E_Commerce_Web_App.tests.SignupLoginPageTest_Freq" name="verifyLogin" time="36.634"/>
  <testcase classname="com.E_Commerce_Web_App.tests.SignupLoginPageTest_Freq" name="verifyLogout" time="7.205"/>
  <testcase classname="com.E_Commerce_Web_App.tests.SignupLoginPageTest_Freq" name="verifySignup" time="3.664"/>
</testsuite> <!-- com.E_Commerce_Web_App.tests.SignupLoginPageTest_Freq -->
