<?xml version="1.0" encoding="UTF-8"?>
<!-- Generated by org.testng.reporters.JUnitReportReporter -->
<testsuite hostname="DESKTOP-RGL2CCS" failures="0" tests="8" name="com.E_Commerce_Web_App.tests.ProductPageTest_Freq" time="64.414" errors="0" timestamp="2025-09-04T01:56:56 IST" skipped="0">
  <testcase classname="com.E_Commerce_Web_App.tests.ProductPageTest_Freq" name="verifyCategoryAndBrandNavigation" time="9.141"/>
  <testcase classname="com.E_Commerce_Web_App.tests.ProductPageTest_Freq" name="verifyAddToCart" time="11.230"/>
  <testcase classname="com.E_Commerce_Web_App.tests.ProductPageTest_Freq" name="verifyViewFirstProduct" time="4.564"/>
  <testcase classname="com.E_Commerce_Web_App.tests.ProductPageTest_Freq" name="verifyProductSearch" time="5.805"/>
  <testcase classname="com.E_Commerce_Web_App.tests.ProductPageTest_Freq" name="verifyCategoryAndBrandNavigation" time="12.909"/>
  <testcase classname="com.E_Commerce_Web_App.tests.ProductPageTest_Freq" name="verifyProductSearch" time="5.049"/>
  <testcase classname="com.E_Commerce_Web_App.tests.ProductPageTest_Freq" name="verifyViewFirstProduct" time="3.995"/>
  <testcase classname="com.E_Commerce_Web_App.tests.ProductPageTest_Freq" name="verifyAddToCart" time="11.721"/>
</testsuite> <!-- com.E_Commerce_Web_App.tests.ProductPageTest_Freq -->
