<?xml version="1.0" encoding="UTF-8"?>
<!-- Generated by org.testng.reporters.JUnitReportReporter -->
<testsuite hostname="DESKTOP-RGL2CCS" failures="0" tests="2" name="com.E_Commerce_Web_App.tests.ContactUsPageTest_Freq" time="19.680" errors="0" timestamp="2025-09-04T01:56:56 IST" skipped="0">
  <testcase classname="com.E_Commerce_Web_App.tests.ContactUsPageTest_Freq" name="verifyContactUsForm" time="7.053"/>
  <testcase classname="com.E_Commerce_Web_App.tests.ContactUsPageTest_Freq" name="verifyContactUsForm" time="12.627"/>
</testsuite> <!-- com.E_Commerce_Web_App.tests.ContactUsPageTest_Freq -->
