<?xml version="1.0" encoding="UTF-8"?>
<!-- Generated by org.testng.reporters.JUnitReportReporter -->
<testsuite hostname="DESKTOP-RGL2CCS" failures="0" tests="4" name="com.E_Commerce_Web_App.tests.HomePageTest_Freq" time="48.740" errors="0" timestamp="2025-09-04T01:56:56 IST" skipped="0">
  <testcase classname="com.E_Commerce_Web_App.tests.HomePageTest_Freq" name="verifySubscription" time="3.018"/>
  <testcase classname="com.E_Commerce_Web_App.tests.HomePageTest_Freq" name="verifySubscription" time="2.473"/>
  <testcase classname="com.E_Commerce_Web_App.tests.HomePageTest_Freq" name="verifyNavigationLinks" time="21.823"/>
  <testcase classname="com.E_Commerce_Web_App.tests.HomePageTest_Freq" name="verifyNavigationLinks" time="21.426"/>
</testsuite> <!-- com.E_Commerce_Web_App.tests.HomePageTest_Freq -->
