<?xml version="1.0" encoding="UTF-8"?>
<!-- Generated by org.testng.reporters.JUnitReportReporter -->
<testsuite hostname="DESKTOP-RGL2CCS" failures="0" tests="2" name="com.E_Commerce_Web_App.tests.CartPageTest_Freq" time="57.266" errors="0" timestamp="2025-09-04T01:56:56 IST" skipped="0">
  <testcase classname="com.E_Commerce_Web_App.tests.CartPageTest_Freq" name="verifyAddDeleteCheckoutFlow" time="30.702"/>
  <testcase classname="com.E_Commerce_Web_App.tests.CartPageTest_Freq" name="verifyAddDeleteCheckoutFlow" time="26.564"/>
</testsuite> <!-- com.E_Commerce_Web_App.tests.CartPageTest_Freq -->
